1615321703966	geckodriver	INFO	Listening on 127.0.0.1:58905
1615321707031	mozrunner::runner	INFO	Running command: "C:\\Program Files\\Mozilla Firefox\\firefox.exe" "--marionette" "--headless" "--disable-gpu" "-foreground" "-no-remote" "-profile" "C:\\Users\\Onin\\AppData\\Local\\Temp\\rust_mozprofilejJteds"
*** You are running in headless mode.
JavaScript error: ew4vy5fplqb.cfg, line 2: ReferenceError: Components is not defined
console.warn: SearchSettings: "get: No settings file exists, new profile?" (new Error("", "(unknown module)"))
1615321708252	Marionette	INFO	Listening on port 58914
1615321708600	Marionette	WARN	TLS certificate errors will be ignored for this session
JavaScript warning: https://www.oddsportal.com/res/x/global-210308130833.js, line 1: unreachable code after return statement
JavaScript warning: https://www.oddsportal.com/res/x/global-210308130833.js, line 1: unreachable code after return statement
JavaScript warning: https://cdn.ftd.agency/libs/e.js, line 46: Failed to create WebGL context: WebGL creation failed: 
* Can't use WebGL in headless mode (https://bugzil.la/1375585).
JavaScript warning: https://cdn.ftd.agency/libs/e.js, line 46: Failed to create WebGL context: WebGL creation failed: 
* Can't use WebGL in headless mode (https://bugzil.la/1375585).
console.log: WebExtensions: reset-default-search: No addons in our list are installed.
JavaScript warning: https://www.oddsportal.com/res/x/global-210308130833.js, line 1: unreachable code after return statement
JavaScript warning: https://www.oddsportal.com/res/x/global-210308130833.js, line 1: unreachable code after return statement
JavaScript warning: https://cdn.ftd.agency/libs/e.js, line 46: Failed to create WebGL context: WebGL creation failed: 
* Can't use WebGL in headless mode (https://bugzil.la/1375585).
JavaScript warning: https://cdn.ftd.agency/libs/e.js, line 46: Failed to create WebGL context: WebGL creation failed: 
* Can't use WebGL in headless mode (https://bugzil.la/1375585).
Exiting due to channel error.
Exiting due to channel error.
 warning: https://www.oddsportal.com/res/x/global-210308130833.js, line 1: unreachable code after return statement
1615321742374	Marionette	INFO	Stopped listening on port 59041

###!!! [Child][RunMessage] Error: Channel closing: too late to send/recv, messages will be lost

1615321853208	geckodriver	INFO	Listening on 127.0.0.1:59247
1615321856291	mozrunner::runner	INFO	Running command: "C:\\Program Files\\Mozilla Firefox\\firefox.exe" "--marionette" "--disable-gpu" "-foreground" "-no-remote" "-profile" "C:\\Users\\Onin\\AppData\\Local\\Temp\\rust_mozprofilekqTlnL"
JavaScript error: ew4vy5fplqb.cfg, line 2: ReferenceError: Components is not defined
console.warn: SearchSettings: "get: No settings file exists, new profile?" (new Error("", "(unknown module)"))
1615321858448	Marionette	INFO	Listening on port 59257
1615321858975	Marionette	WARN	TLS certificate errors will be ignored for this session
JavaScript warning: https://www.oddsportal.com/res/x/global-210308130833.js, line 1: unreachable code after return statement
JavaScript warning: https://www.oddsportal.com/res/x/global-210308130833.js, line 1: unreachable code after return statement
1615321935511	Marionette	INFO	Stopped listening on port 59257

###!!! [Child][RunMessage] Error: Channel closing: too late to send/recv, messages will be lost

"--marionette" "--disable-gpu" "-foreground" "-no-remote" "-profile" "C:\\Users\\Onin\\AppData\\Local\\Temp\\rust_mozprofiletsxSbR"
JavaScript error: ew4vy5fplqb.cfg, line 2: ReferenceError: Components is not defined
console.warn: SearchSettings: "get: No settings file exists, new profile?" (new Error("", "(unknown module)"))
1615321901258	Marionette	INFO	Listening on port 59391
1615321901667	Marionette	WARN	TLS certificate errors will be ignored for this session
JavaScript warning: https://www.oddsportal.com/res/x/global-210308130833.js, line 1: unreachable code after return statement
JavaScript warning: https://www.oddsportal.com/res/x/global-210308130833.js, line 1: unreachable code after return statement
1615321909184	Marionette	WARN	TimedPromise timed out after 500 ms: stacktrace:
TimedPromise/<@chrome://marionette/content/sync.js:231:19
TimedPromise@chrome://marionette/content/sync.js:216:10
interaction.flushEventLoop@chrome://marionette/content/interaction.js:433:10
webdriverClickElement@chrome://marionette/content/interaction.js:179:31
console.log: WebExtensions: reset-default-search: No addons in our list are installed.
1615322775329	Marionette	INFO	Stopped listening on port 59391

###!!! [Child][RunMessage] Error: Channel closing: too late to send/recv, messages will be lost

ppData\\Local\\Temp\\rust_mozprofilez9TtdZ"
JavaScript error: ew4vy5fplqb.cfg, line 2: ReferenceError: Components is not defined
console.warn: SearchSettings: "get: No settings file exists, new profile?" (new Error("", "(unknown module)"))
1615321934392	Marionette	INFO	Listening on port 59518
1615321934448	Marionette	WARN	TLS certificate errors will be ignored for this session
JavaScript warning: https://www.oddsportal.com/res/x/global-210308130833.js, line 1: unreachable code after return statement
JavaScript warning: https://www.oddsportal.com/res/x/global-210308130833.js, line 1: unreachable code after return statement
1615321942205	Marionette	WARN	TimedPromise timed out after 500 ms: stacktrace:
TimedPromise/<@chrome://marionette/content/sync.js:231:19
TimedPromise@chrome://marionette/content/sync.js:216:10
interaction.flushEventLoop@chrome://marionette/content/interaction.js:433:10
webdriverClickElement@chrome://marionette/content/interaction.js:179:31
1615322042610	Marionette	INFO	Stopped listening on port 59518

###!!! [Child][RunMessage] Error: Channel closing: too late to send/recv, messages will be lost

1615322051426	geckodriver	INFO	Listening on 127.0.0.1:59735
1615322054511	mozrunner::runner	INFO	Running command: "C:\\Program Files\\Mozilla Firefox\\firefox.exe" "--marionette" "--disable-gpu" "-foreground" "-no-remote" "-profile" "C:\\Users\\Onin\\AppData\\Local\\Temp\\rust_mozprofileQaqaoS"
JavaScript error: ew4vy5fplqb.cfg, line 2: ReferenceError: Components is not defined
console.warn: SearchSettings: "get: No settings file exists, new profile?" (new Error("", "(unknown module)"))
1615322056621	Marionette	INFO	Listening on port 59746
1615322056669	Marionette	WARN	TLS certificate errors will be ignored for this session
JavaScript warning: https://www.oddsportal.com/res/x/global-210308130833.js, line 1: unreachable code after return statement
JavaScript warning: https://www.oddsportal.com/res/x/global-210308130833.js, line 1: unreachable code after return statement
1615322064536	Marionette	WARN	TimedPromise timed out after 500 ms: stacktrace:
TimedPromise/<@chrome://marionette/content/sync.js:231:19
TimedPromise@chrome://marionette/content/sync.js:216:10
interaction.flushEventLoop@chrome://marionette/content/interaction.js:433:10
webdriverClickElement@chrome://marionette/content/interaction.js:179:31
JavaScript warning: https://www.oddsportal.com/res/x/global-210308130833.js, line 1: unreachable code after return statement
JavaScript warning: https://www.oddsportal.com/res/x/global-210308130833.js, line 1: unreachable code after return statement
JavaScript warning: https://www.oddsportal.com/res/x/global-210308130833.js, line 1: unreachable code after return statement
JavaScript warning: https://www.oddsportal.com/res/x/global-210308130833.js, line 1: unreachable code after return statement
JavaScript warning: https://www.oddsportal.com/res/x/global-210308130833.js, line 1: unreachable code after return statement
JavaScript warning: https://www.oddsportal.com/res/x/global-210308130833.js, line 1: unreachable code after return statement
1615322224246	Marionette	INFO	Stopped listening on port 59746

###!!! [Child][RunMessage] Error: Channel closing: too late to send/recv, messages will be lost

1615322294595	geckodriver	INFO	Listening on 127.0.0.1:60172
1615322297663	mozrunner::runner	INFO	Running command: "C:\\Program Files\\Mozilla Firefox\\firefox.exe" "--marionette" "--disable-gpu" "-foreground" "-no-remote" "-profile" "C:\\Users\\Onin\\AppData\\Local\\Temp\\rust_mozprofileo7uzRN"
JavaScript error: ew4vy5fplqb.cfg, line 2: ReferenceError: Components is not defined
console.warn: SearchSettings: "get: No settings file exists, new profile?" (new Error("", "(unknown module)"))
1615322299899	Marionette	INFO	Listening on port 60183
1615322300335	Marionette	WARN	TLS certificate errors will be ignored for this session
JavaScript warning: https://www.oddsportal.com/res/x/global-210308130833.js, line 1: unreachable code after return statement
JavaScript warning: https://www.oddsportal.com/res/x/global-210308130833.js, line 1: unreachable code after return statement
1615322308142	Marionette	WARN	TimedPromise timed out after 500 ms: stacktrace:
TimedPromise/<@chrome://marionette/content/sync.js:231:19
TimedPromise@chrome://marionette/content/sync.js:216:10
interaction.flushEventLoop@chrome://marionette/content/interaction.js:433:10
webdriverClickElement@chrome://marionette/content/interaction.js:179:31
JavaScript warning: https://www.oddsportal.com/res/x/global-210308130833.js, line 1: unreachable code after return statement
JavaScript warning: https://www.oddsportal.com/res/x/global-210308130833.js, line 1: unreachable code after return statement
1615322310408	Marionette	WARN	TimedPromise timed out after 500 ms: stacktrace:
TimedPromise/<@chrome://marionette/content/sync.js:231:19
TimedPromise@chrome://marionette/content/sync.js:216:10
interaction.flushEventLoop@chrome://marionette/content/interaction.js:433:10
webdriverClickElement@chrome://marionette/content/interaction.js:179:31
1615322315935	Marionette	INFO	Stopped listening on port 60183

###!!! [Child][RunMessage] Error: Channel closing: too late to send/recv, messages will be lost

1615325338032	geckodriver	INFO	Listening on 127.0.0.1:62227
1615325341107	mozrunner::runner	INFO	Running command: "C:\\Program Files\\Mozilla Firefox\\firefox.exe" "--marionette" "--disable-gpu" "-foreground" "-no-remote" "-profile" "C:\\Users\\Onin\\AppData\\Local\\Temp\\rust_mozprofile0YFrb6"
JavaScript error: ew4vy5fplqb.cfg, line 2: ReferenceError: Components is not defined
console.warn: SearchSettings: "get: No settings file exists, new profile?" (new Error("", "(unknown module)"))
1615325343038	Marionette	INFO	Listening on port 62236
1615325343153	Marionette	WARN	TLS certificate errors will be ignored for this session
JavaScript warning: https://www.oddsportal.com/res/x/global-210308130833.js, line 1: unreachable code after return statement
JavaScript warning: https://www.oddsportal.com/res/x/global-210308130833.js, line 1: unreachable code after return statement
1615325352361	Marionette	WARN	TimedPromise timed out after 500 ms: stacktrace:
TimedPromise/<@chrome://marionette/content/sync.js:231:19
TimedPromise@chrome://marionette/content/sync.js:216:10
interaction.flushEventLoop@chrome://marionette/content/interaction.js:433:10
webdriverClickElement@chrome://marionette/content/interaction.js:179:31
1615325567923	Marionette	INFO	Stopped listening on port 62236

###!!! [Child][RunMessage] Error: Channel closing: too late to send/recv, messages will be lost

"--marionette" "--disable-gpu" "-foreground" "-no-remote" "-profile" "C:\\Users\\Onin\\AppData\\Local\\Temp\\rust_mozprofiletW5tSM"
JavaScript error: ew4vy5fplqb.cfg, line 2: ReferenceError: Components is not defined
console.warn: SearchSettings: "get: No settings file exists, new profile?" (new Error("", "(unknown module)"))
1615325428139	Marionette	INFO	Listening on port 62431
1615325428279	Marionette	WARN	TLS certificate errors will be ignored for this session
JavaScript warning: https://www.oddsportal.com/res/x/global-210308130833.js, line 1: unreachable code after return statement
JavaScript warning: https://www.oddsportal.com/res/x/global-210308130833.js, line 1: unreachable code after return statement
1615325436611	Marionette	WARN	TimedPromise timed out after 500 ms: stacktrace:
TimedPromise/<@chrome://marionette/content/sync.js:231:19
TimedPromise@chrome://marionette/content/sync.js:216:10
interaction.flushEventLoop@chrome://marionette/content/interaction.js:433:10
webdriverClickElement@chrome://marionette/content/interaction.js:179:31
JavaScript warning: https://www.oddsportal.com/res/x/global-210308130833.js, line 1: unreachable code after return statement
JavaScript warning: https://www.oddsportal.com/res/x/global-210308130833.js, line 1: unreachable code after return statement
1615325843973	Marionette	INFO	Stopped listening on port 62431

###!!! [Child][RunMessage] Error: Channel closing: too late to send/recv, messages will be lost

: No settings file exists, new profile?" (new Error("", "(unknown module)"))
1615325499458	Marionette	INFO	Listening on port 62590
1615325499545	Marionette	WARN	TLS certificate errors will be ignored for this session
JavaScript warning: https://www.oddsportal.com/res/x/global-210308130833.js, line 1: unreachable code after return statement
JavaScript warning: https://www.oddsportal.com/res/x/global-210308130833.js, line 1: unreachable code after return statement
1615325535942	Marionette	WARN	TimedPromise timed out after 500 ms: stacktrace:
TimedPromise/<@chrome://marionette/content/sync.js:231:19
TimedPromise@chrome://marionette/content/sync.js:216:10
interaction.flushEventLoop@chrome://marionette/content/interaction.js:433:10
webdriverClickElement@chrome://marionette/content/interaction.js:179:31
1615325544711	Marionette	INFO	Stopped listening on port 62591615325546567	mozrunner::runner	INFO	Running command: "C:\\Program Files\\Mozilla Firefox\\firefox.exe" "--marionette" "--disable-gpu" "-foreground" "-no-remote" "-profile" "C:\\Users\\Onin\\AppData\\Local\\Temp\\rust_mozprofileuyO1Ak"
JavaScript error: ew4vy5fplqb.cfg, line 2: ReferenceError: Components is not defined
console.warn: SearchSettings: "get: No settings file exists, new profile?" (new Error("", "(unknown module)"))
1615325548728	Marionette	INFO	Listening on port 62724
1615325549253	Marionette	WARN	TLS certificate errors will be ignored for this session
JavaScript warning: https://www.oddsportal.com/res/x/global-210308130833.js, line 1: unreachable code after return statement
JavaScript warning: https://www.oddsportal.com/res/x/global-210308130833.js, line 1: unreachable code after return statement
1615325557271	Marionette	WARN	TimedPromise timed out after 500 ms: stacktrace:
TimedPromise/<@chrome://marionette/content/sync.js:231:19
TimedPromise@chrome://marionette/content/sync.js:216:10
interaction.flushEventLoop@chrome://marionette/content/interaction.js:433:10
webdriverClickElement@chrome://marionette/content/interaction.js:179:31
1615325566338	Marionette	INFO	Stopped listening on port 62724

###!!! [Child][RunMessage] Error: Channel closing: too late to send/recv, messages will be lost

1615325682911	geckodriver	INFO	Listening on 127.0.0.1:62963
1615325685985	mozrunner::runner	INFO	Running command: "C:\\Program Files\\Mozilla Firefox\\firefox.exe" "--marionette" "--disable-gpu" "-foreground" "-no-remote" "-profile" "C:\\Users\\Onin\\AppData\\Local\\Temp\\rust_mozprofileXo9R1c"
JavaScript error: ew4vy5fplqb.cfg, line 2: ReferenceError: Components is not defined
console.warn: SearchSettings: "get: No settings file exists, new profile?" (new Error("", "(unknown module)"))
1615325688062	Marionette	INFO	Listening on port 62972
1615325688158	Marionette	WARN	TLS certificate errors will be ignored for this session
JavaScript warning: https://www.oddsportal.com/res/x/global-210308130833.js, line 1: unreachable code after return statement
JavaScript warning: https://www.oddsportal.com/res/x/global-210308130833.js, line 1: unreachable code after return statement
1615325695704	Marionette	WARN	TimedPromise timed out after 500 ms: stacktrace:
TimedPromise/<@chrome://marionette/content/sync.js:231:19
TimedPromise@chrome://marionette/content/sync.js:216:10
interaction.flushEventLoop@chrome://marionette/content/interaction.js:433:10
webdriverClickElement@chrome://marionette/content/interaction.js:179:31
1615325843117	Marionette	INFO	Stopped listening on port 62972

###!!! [Child][RunMessage] Error: Channel closing: too late to send/recv, messages will be lost

 command: "C:\\Program Files\\Mozilla Firefox\\firefox.exe" "--marionette" "--disable-gpu" "-foreground" "-no-remote" "-profile" "C:\\Users\\Onin\\AppData\\Local\\Temp\\rust_mozprofileZGqRtw"
JavaScript error: ew4vy5fplqb.cfg, line 2: ReferenceError: Components is not defined
console.warn: SearchSettings: "get: No settings file exists, new profile?" (new Error("", "(unknown module)"))
1615325820266	Marionette	INFO	Listening on port 63209
1615325820334	Marionette	WARN	TLS certificate errors will be ignored for this session
JavaScript warning: https://www.oddsportal.com/res/x/global-210308130833.js, line 1: unreachable code after return statement
JavaScript warning: https://www.oddsportal.com/res/x/global-210308130833.js, line 1: unreachable code after return statement
1615325827685	Marionette	WARN	TimedPromise timed out after 500 ms: stacktrace:
TimedPromise/<@chrome://marionette/content/sync.js:231:19
TimedPromise@chrome://marionette/content/sync.js:216:10
interaction.flushEventLoop@chrome://marionette/content/interaction.js:433:10
webdriverClickElement@chrome://marionette/content/interaction.js:179:31
1615325842391	Marionette	INFO	Stopped listening on port 63209

###!!! [Child][RunMessage] Error: Channel closing: too late to send/recv, messages will be lost

1615325901359	geckodriver	INFO	Listening on 127.0.0.1:63353
1615325904397	mozrunner::runner	INFO	Running command: "C:\\Program Files\\Mozilla Firefox\\firefox.exe" "--marionette" "--disable-gpu" "-foreground" "-no-remote" "-profile" "C:\\Users\\Onin\\AppData\\Local\\Temp\\rust_mozprofile9xsEVd"
JavaScript error: ew4vy5fplqb.cfg, line 2: ReferenceError: Components is not defined
console.warn: SearchSettings: "get: No settings file exists, new profile?" (new Error("", "(unknown module)"))
1615325906532	Marionette	INFO	Listening on port 63362
1615325906573	Marionette	WARN	TLS certificate errors will be ignored for this session
JavaScript warning: https://www.oddsportal.com/res/x/global-210308130833.js, line 1: unreachable code after return statement
JavaScript warning: https://www.oddsportal.com/res/x/global-210308130833.js, line 1: unreachable code after return statement
1615325914983	Marionette	WARN	TimedPromise timed out after 500 ms: stacktrace:
TimedPromise/<@chrome://marionette/content/sync.js:231:19
TimedPromise@chrome://marionette/content/sync.js:216:10
interaction.flushEventLoop@chrome://marionette/content/interaction.js:433:10
webdriverClickElement@chrome://marionette/content/interaction.js:179:31
1615325963697	Marionette	INFO	Stopped listening on port 63362

###!!! [Child][RunMessage] Error: Channel closing: too late to send/recv, messages will be lost

"--marionette" "--disable-gpu" "-foreground" "-no-remote" "-profile" "C:\\Users\\Onin\\AppData\\Local\\Temp\\rust_mozprofileycoAKr"
JavaScript error: ew4vy5fplqb.cfg, line 2: ReferenceError: Components is not defined
console.warn: SearchSettings: "get: No settings file exists, new profile?" (new Error("", "(unknown module)"))
1615325944153	Marionette	INFO	Listening on port 63486
1615325944268	Marionette	WARN	TLS certificate errors will be ignored for this session
JavaScript warning: https://www.oddsportal.com/res/x/global-210308130833.js, line 1: unreachable code after return statement
JavaScript warning: https://www.oddsportal.com/res/x/global-210308130833.js, line 1: unreachable code after return statement
1615325952439	Marionette	WARN	TimedPromise timed out after 500 ms: stacktrace:
TimedPromise/<@chrome://marionette/content/sync.js:231:19
TimedPromise@chrome://marionette/content/sync.js:216:10
interaction.flushEventLoop@chrome://marionette/content/interaction.js:433:10
webdriverClickElement@chrome://marionette/content/interaction.js:179:31
1615325964448	Marionette	INFO	Stopped listening on port 63486

###!!! [Child][RunMessage] Error: Channel closing: too late to send/recv, messages will be lost

1615326006789	geckodriver	INFO	Listening on 127.0.0.1:63652
1615326009867	mozrunner::runner	INFO	Running command: "C:\\Program Files\\Mozilla Firefox\\firefox.exe" "--marionette" "--disable-gpu" "-foreground" "-no-remote" "-profile" "C:\\Users\\Onin\\AppData\\Local\\Temp\\rust_mozprofileGEZmda"
JavaScript error: ew4vy5fplqb.cfg, line 2: ReferenceError: Components is not defined
console.warn: SearchSettings: "get: No settings file exists, new profile?" (new Error("", "(unknown module)"))
1615326011918	Marionette	INFO	Listening on port 63662
1615326012013	Marionette	WARN	TLS certificate errors will be ignored for this session
JavaScript warning: https://www.oddsportal.com/res/x/global-210308130833.js, line 1: unreachable code after return statement
JavaScript warning: https://www.oddsportal.com/res/x/global-210308130833.js, line 1: unreachable code after return statement
1615326020475	Marionette	WARN	TimedPromise timed out after 500 ms: stacktrace:
TimedPromise/<@chrome://marionette/content/sync.js:231:19
TimedPromise@chrome://marionette/content/sync.js:216:10
interaction.flushEventLoop@chrome://marionette/content/interaction.js:433:10
webdriverClickElement@chrome://marionette/content/interaction.js:179:31
1615326108324	Marionette	INFO	Stopped listening on port 63662

###!!! [Child][RunMessage] Error: Channel closing: too late to send/recv, messages will be lost

"--marionette" "--disable-gpu" "-foreground" "-no-remote" "-profile" "C:\\Users\\Onin\\AppData\\Local\\Temp\\rust_mozprofilefg8HxW"
JavaScript error: ew4vy5fplqb.cfg, line 2: ReferenceError: Components is not defined
console.warn: SearchSettings: "get: No settings file exists, new profile?" (new Error("", "(unknown module)"))
1615326087760	Marionette	INFO	Listening on port 63847
1615326087824	Marionette	WARN	TLS certificate errors will be ignored for this session
JavaScript warning: https://www.oddsportal.com/res/x/global-210308130833.js, line 1: unreachable code after return statement
JavaScript warning: https://www.oddsportal.com/res/x/global-210308130833.js, line 1: unreachable code after return statement
1615326095497	Marionette	WARN	TimedPromise timed out after 500 ms: stacktrace:
TimedPromise/<@chrome://marionette/content/sync.js:231:19
TimedPromise@chrome://marionette/content/sync.js:216:10
interaction.flushEventLoop@chrome://marionette/content/interaction.js:433:10
webdriverClickElement@chrome://marionette/content/interaction.js:179:31
1615326105462	Marionette	INFO	Stopped listening on port 63847

###!!! [Child][RunMessage] Error: Channel closing: too late to send/recv, messages will be lost

1615326181102	geckodriver	INFO	Listening on 127.0.0.1:64019
1615326184186	mozrunner::runner	INFO	Running command: "C:\\Program Files\\Mozilla Firefox\\firefox.exe" "--marionette" "--disable-gpu" "-foreground" "-no-remote" "-profile" "C:\\Users\\Onin\\AppData\\Local\\Temp\\rust_mozprofilekul1Id"
JavaScript error: ew4vy5fplqb.cfg, line 2: ReferenceError: Components is not defined
console.warn: SearchSettings: "get: No settings file exists, new profile?" (new Error("", "(unknown module)"))
1615326186157	Marionette	INFO	Listening on port 64030
1615326186243	Marionette	WARN	TLS certificate errors will be ignored for this session
JavaScript warning: https://www.oddsportal.com/res/x/global-210308130833.js, line 1: unreachable code after return statement
JavaScript warning: https://www.oddsportal.com/res/x/global-210308130833.js, line 1: unreachable code after return statement
1615326194438	Marionette	WARN	TimedPromise timed out after 500 ms: stacktrace:
TimedPromise/<@chrome://marionette/content/sync.js:231:19
TimedPromise@chrome://marionette/content/sync.js:216:10
interaction.flushEventLoop@chrome://marionette/content/interaction.js:433:10
webdriverClickElement@chrome://marionette/content/interaction.js:179:31
[Parent 24984, IPC I/O Parent] WARNING: pipe error: 232: file /builds/worker/checkouts/gecko/ipc/chromium/src/chrome/common/ipc_channel_win.cc:545
1615326361401	Marionette	INFO	Stopped listening on port 64030

###!!! [Child][RunMessage] Error: Channel closing: too late to send/recv, messages will be lost

: ew4vy5fplqb.cfg, line 2: ReferenceError: Components is not defined
console.warn: SearchSettings: "get: No settings file exists, new profile?" (new Error("", "(unknown module)"))
1615326230215	Marionette	INFO	Listening on port 64167
1615326230262	Marionette	WARN	TLS certificate errors will be ignored for this session
JavaScript warning: https://www.oddsportal.com/res/x/global-210308130833.js, line 1: unreachable code after return statement
JavaScript warning: https://www.oddsportal.com/res/x/global-210308130833.js, line 1: unreachable code after return statement
1615326237549	Marionette	WARN	TimedPromise timed out after 500 ms: stacktrace:
TimedPromise/<@chrome://marionette/content/sync.js:231:19
TimedPromise@chrome://marionette/content/sync.js:216:10
interaction.flushEventLoop@chrome://marionette/content/interaction.js:433:10
webdriverClickElement@chrome://marionette/content/interaction.js:179:31
1615326363875	Marionette	INFO	Stopped listening on port 64167

###!!! [Child][RunMessage] Error: Channel closing: too late to send/recv, messages will be lost

"--marionette" "--disable-gpu" "-foreground" "-no-remote" "-profile" "C:\\Users\\Onin\\AppData\\Local\\Temp\\rust_mozprofiletAornK"
JavaScript error: ew4vy5fplqb.cfg, line 2: ReferenceError: Components is not defined
console.warn: SearchSettings: "get: No settings file exists, new profile?" (new Error("", "(unknown module)"))
1615326341988	Marionette	INFO	Listening on port 64381
1615326342433	Marionette	WARN	TLS certificate errors will be ignored for this session
JavaScript warning: https://www.oddsportal.com/res/x/global-210308130833.js, line 1: unreachable code after return statement
JavaScript warning: https://www.oddsportal.com/res/x/global-210308130833.js, line 1: unreachable code after return statement
1615326350575	Marionette	WARN	TimedPromise timed out after 500 ms: stacktrace:
TimedPromise/<@chrome://marionette/content/sync.js:231:19
TimedPromise@chrome://marionette/content/sync.js:216:10
interaction.flushEventLoop@chrome://marionette/content/interaction.js:433:10
webdriverClickElement@chrome://marionette/content/interaction.js:179:31
1615326364736	Marionette	INFO	Stopped listening on port 64381

###!!! [Child][RunMessage] Error: Channel closing: too late to send/recv, messages will be lost

1615326432368	geckodriver	INFO	Listening on 127.0.0.1:64562
1615326435450	mozrunner::runner	INFO	Running command: "C:\\Program Files\\Mozilla Firefox\\firefox.exe" "--marionette" "--disable-gpu" "-foreground" "-no-remote" "-profile" "C:\\Users\\Onin\\AppData\\Local\\Temp\\rust_mozprofileqq3Afl"
JavaScript error: ew4vy5fplqb.cfg, line 2: ReferenceError: Components is not defined
console.warn: SearchSettings: "get: No settings file exists, new profile?" (new Error("", "(unknown module)"))
1615326437643	Marionette	INFO	Listening on port 64571
1615326438107	Marionette	WARN	TLS certificate errors will be ignored for this session
JavaScript warning: https://www.oddsportal.com/res/x/global-210308130833.js, line 1: unreachable code after return statement
JavaScript warning: https://www.oddsportal.com/res/x/global-210308130833.js, line 1: unreachable code after return statement
1615326446543	Marionette	WARN	TimedPromise timed out after 500 ms: stacktrace:
TimedPromise/<@chrome://marionette/content/sync.js:231:19
TimedPromise@chrome://marionette/content/sync.js:216:10
interaction.flushEventLoop@chrome://marionette/content/interaction.js:433:10
webdriverClickElement@chrome://marionette/content/interaction.js:179:31
1615326683346	Marionette	INFO	Stopped listening on port 64571

###!!! [Child][RunMessage] Error: Channel closing: too late to send/recv, messages will be lost

"--marionette" "--disable-gpu" "-foreground" "-no-remote" "-profile" "C:\\Users\\Onin\\AppData\\Local\\Temp\\rust_mozprofileDwbfUo"
JavaScript error: ew4vy5fplqb.cfg, line 2: ReferenceError: Components is not defined
console.warn: SearchSettings: "get: No settings file exists, new profile?" (new Error("", "(unknown module)"))
1615326496453	Marionette	INFO	Listening on port 64710
1615326496988	Marionette	WARN	TLS certificate errors will be ignored for this session
JavaScript warning: https://www.oddsportal.com/res/x/global-191101121011.js, line 1: unreachable code after return statement
JavaScript warning: https://www.oddsportal.com/res/x/global-191101121011.js, line 1: unreachable code after return statement
1615326504354	Marionette	WARN	TimedPromise timed out after 500 ms: stacktrace:
TimedPromise/<@chrome://marionette/content/sync.js:231:19
TimedPromise@chrome://marionette/content/sync.js:216:10
interaction.flushEventLoop@chrome://marionette/content/interaction.js:433:10
webdriverClickElement@chrome://marionette/content/interaction.js:179:31
1615326682443	Marionette	INFO	Stopped listening on port 64710

###!!! [Child][RunMessage] Error: Channel closing: too late to send/recv, messages will be lost

"--marionette" "--disable-gpu" "-foreground" "-no-remote" "-profile" "C:\\Users\\Onin\\AppData\\Local\\Temp\\rust_mozprofile8uFg9M"
JavaScript error: ew4vy5fplqb.cfg, line 2: ReferenceError: Components is not defined
console.warn: SearchSettings: "get: No settings file exists, new profile?" (new Error("", "(unknown module)"))
1615326548409	Marionette	INFO	Listening on port 64855
1615326548446	Marionette	WARN	TLS certificate errors will be ignored for this session
JavaScript warning: https://www.oddsportal.com/res/x/global-210308130833.js, line 1: unreachable code after return statement
JavaScript warning: https://www.oddsportal.com/res/x/global-210308130833.js, line 1: unreachable code after return statement
1615326556815	Marionette	WARN	TimedPromise timed out after 500 ms: stacktrace:
TimedPromise/<@chrome://marionette/content/sync.js:231:19
TimedPromise@chrome://marionette/content/sync.js:216:10
interaction.flushEventLoop@chrome://marionette/content/interaction.js:433:10
webdriverClickElement@chrome://marionette/content/interaction.js:179:31
1615326684234	Marionette	INFO	Stopped listening on port 64855

###!!! [Child][RunMessage] Error: Channel closing: too late to send/recv, messages will be lost

"--marionette" "--disable-gpu" "-foreground" "-no-remote" "-profile" "C:\\Users\\Onin\\AppData\\Local\\Temp\\rust_mozprofilenjNdzc"
JavaScript error: ew4vy5fplqb.cfg, line 2: ReferenceError: Components is not defined
console.warn: SearchSettings: "get: No settings file exists, new profile?" (new Error("", "(unknown module)"))
1615326602746	Marionette	INFO	Listening on port 65005
1615326602790	Marionette	WARN	TLS certificate errors will be ignored for this session
JavaScript warning: https://www.oddsportal.com/res/x/global-191101121011.js, line 1: unreachable code after return statement
JavaScript warning: https://www.oddsportal.com/res/x/global-191101121011.js, line 1: unreachable code after return statement
1615326610629	Marionette	WARN	TimedPromise timed out after 500 ms: stacktrace:
TimedPromise/<@chrome://marionette/content/sync.js:231:19
TimedPromise@chrome://marionette/content/sync.js:216:10
interaction.flushEventLoop@chrome://marionette/content/interaction.js:433:10
webdriverClickElement@chrome://marionette/content/interaction.js:179:31
1615326627421	Marionette	INFO	Stopped listening on port 65005

###!!! [Child][RunMessage] Error: Channel closing: too late to send/recv, messages will be lost

1615326653642	geckodriver	INFO	Listening on 127.0.0.1:65166
1615326656722	mozrunner::runner	INFO	Running command: "C:\\Program Files\\Mozilla Firefox\\firefox.exe" "--marionette" "--disable-gpu" "-foreground" "-no-remote" "-profile" "C:\\Users\\Onin\\AppData\\Local\\Temp\\rust_mozprofileObf5OP"
JavaScript error: ew4vy5fplqb.cfg, line 2: ReferenceError: Components is not defined
console.warn: SearchSettings: "get: No settings file exists, new profile?" (new Error("", "(unknown module)"))
1615326658781	Marionette	INFO	Listening on port 65178
1615326658869	Marionette	WARN	TLS certificate errors will be ignored for this session
JavaScript warning: https://www.oddsportal.com/res/x/global-210308130833.js, line 1: unreachable code after return statement
JavaScript warning: https://www.oddsportal.com/res/x/global-210308130833.js, line 1: unreachable code after return statement
1615326666969	Marionette	WARN	TimedPromise timed out after 500 ms: stacktrace:
TimedPromise/<@chrome://marionette/content/sync.js:231:19
TimedPromise@chrome://marionette/content/sync.js:216:10
interaction.flushEventLoop@chrome://marionette/content/interaction.js:433:10
webdriverClickElement@chrome://marionette/content/interaction.js:179:31
1615326680591	Marionette	INFO	Stopped listening on port 65178

###!!! [Child][RunMessage] Error: Channel closing: too late to send/recv, messages will be lost

1615326836436	geckodriver	INFO	Listening on 127.0.0.1:65398
1615326839520	mozrunner::runner	INFO	Running command: "C:\\Program Files\\Mozilla Firefox\\firefox.exe" "--marionette" "--disable-gpu" "-foreground" "-no-remote" "-profile" "C:\\Users\\Onin\\AppData\\Local\\Temp\\rust_mozprofileMBmcV7"
JavaScript error: ew4vy5fplqb.cfg, line 2: ReferenceError: Components is not defined
console.warn: SearchSettings: "get: No settings file exists, new profile?" (new Error("", "(unknown module)"))
1615326841509	Marionette	INFO	Listening on port 65407
1615326841566	Marionette	WARN	TLS certificate errors will be ignored for this session
JavaScript warning: https://www.oddsportal.com/res/x/global-210308130833.js, line 1: unreachable code after return statement
JavaScript warning: https://www.oddsportal.com/res/x/global-210308130833.js, line 1: unreachable code after return statement
1615326849386	Marionette	WARN	TimedPromise timed out after 500 ms: stacktrace:
TimedPromise/<@chrome://marionette/content/sync.js:231:19
TimedPromise@chrome://marionette/content/sync.js:216:10
interaction.flushEventLoop@chrome://marionette/content/interaction.js:433:10
webdriverClickElement@chrome://marionette/content/interaction.js:179:31
Marionette threw an error: NotFoundError: WindowGlobalParent.getActor: No such JSWindowActor 'MarionetteCommands'
getMarionetteCommandsActorProxy/get/<@chrome://marionette/content/actors/MarionetteCommandsParent.jsm:332:69
unregisterCommandsActor@chrome://marionette/content/actors/MarionetteCommandsParent.jsm:395:15
GeckoDriver.prototype.deleteSession@chrome://marionette/content/driver.js:3009:5
onClosed@chrome://marionette/content/server.js:196:17
close@chrome://marionette/content/transport.js:225:18
onInputStreamReady@chrome://marionette/content/transport.js:379:14

1615326862764	Marionette	INFO	Stopped listening on port 65407
1615326864613	geckodriver	INFO	Listening on 127.0.0.1:65518
1615326867671	mozrunner::runner	INFO	Running command: "C:\\Program Files\\Mozilla Firefox\\firefox.exe" "--marionette" "--disable-gpu" "-foreground" "-no-remote" "-profile" "C:\\Users\\Onin\\AppData\\Local\\Temp\\rust_mozprofilesTXRIg"
JavaScript error: ew4vy5fplqb.cfg, line 2: ReferenceError: Components is not defined
console.warn: SearchSettings: "get: No settings file exists, new profile?" (new Error("", "(unknown module)"))
1615326869763	Marionette	INFO	Listening on port 65528
1615326869824	Marionette	WARN	TLS certificate errors will be ignored for this session
JavaScript warning: https://www.oddsportal.com/res/x/global-210308130833.js, line 1: unreachable code after return statement
JavaScript warning: https://www.oddsportal.com/res/x/global-210308130833.js, line 1: unreachable code after return statement
1615326877919	Marionette	WARN	TimedPromise timed out after 500 ms: stacktrace:
TimedPromise/<@chrome://marionette/content/sync.js:231:19
TimedPromise@chrome://marionette/content/sync.js:216:10
interaction.flushEventLoop@chrome://marionette/content/interaction.js:433:10
webdriverClickElement@chrome://marionette/content/interaction.js:179:31
Marionette threw an error: NotFoundError: WindowGlobalParent.getActor: No such JSWindowActor 'MarionetteCommands'
getMarionetteCommandsActorProxy/get/<@chrome://marionette/content/actors/MarionetteCommandsParent.jsm:332:69
unregisterCommandsActor@chrome://marionette/content/actors/MarionetteCommandsParent.jsm:395:15
GeckoDriver.prototype.deleteSession@chrome://marionette/content/driver.js:3009:5
onClosed@chrome://marionette/content/server.js:196:17
close@chrome://marionette/content/transport.js:225:18
onInputStreamReady@chrome://marionette/content/transport.js:379:14

1615327262362	Marionette	INFO	Stopped listening on port 65528

###!!! [Child][RunMessage] Error: Channel closing: too late to send/recv, messages will be lost

"--marionette" "--disable-gpu" "-foreground" "-no-remote" "-profile" "C:\\Users\\Onin\\AppData\\Local\\Temp\\rust_mozprofilea8vEmh"
JavaScript error: ew4vy5fplqb.cfg, line 2: ReferenceError: Components is not defined
console.warn: SearchSettings: "get: No settings file exists, new profile?" (new Error("", "(unknown module)"))
1615326930753	Marionette	INFO	Listening on port 49283
1615326931221	Marionette	WARN	TLS certificate errors will be ignored for this session
JavaScript warning: https://www.oddsportal.com/res/x/global-210308130833.js, line 1: unreachable code after return statement
JavaScript warning: https://www.oddsportal.com/res/x/global-210308130833.js, line 1: unreachable code after return statement
1615326939494	Marionette	WARN	TimedPromise timed out after 500 ms: stacktrace:
TimedPromise/<@chrome://marionette/content/sync.js:231:19
TimedPromise@chrome://marionette/content/sync.js:216:10
interaction.flushEventLoop@chrome://marionette/content/interaction.js:433:10
webdriverClickElement@chrome://marionette/content/interaction.js:179:31
Marionette threw an error: NotFoundError: WindowGlobalParent.getActor: No such JSWindowActor 'MarionetteCommands'
getMarionetteCommandsActorProxy/get/<@chrome://marionette/content/actors/MarionetteCommandsParent.jsm:332:69
unregisterCommandsActor@chrome://marionette/content/actors/MarionetteCommandsParent.jsm:395:15
GeckoDriver.prototype.deleteSession@chrome://marionette/content/driver.js:3009:5
onClosed@chrome://marionette/content/server.js:196:17
close@chrome://marionette/content/transport.js:225:18
onInputStreamReady@chrome://marionette/content/transport.js:379:14

console.log: WebExtensions: reset-default-search: No addons in our list are installed.
1615327509108	Marionette	INFO	Stopped listening on port 49283

###!!! [Child][RunMessage] Error: Channel closing: too late to send/recv, messages will be lost

ppData\\Local\\Temp\\rust_mozprofileIgAaw9"
JavaScript error: ew4vy5fplqb.cfg, line 2: ReferenceError: Components is not defined
console.warn: SearchSettings: "get: No settings file exists, new profile?" (new Error("", "(unknown module)"))
1615327133324	Marionette	INFO	Listening on port 49547
1615327133382	Marionette	WARN	TLS certificate errors will be ignored for this session
JavaScript warning: https://www.oddsportal.com/res/x/global-210308130833.js, line 1: unreachable code after return statement
JavaScript warning: https://www.oddsportal.com/res/x/global-210308130833.js, line 1: unreachable code after return statement
1615327138474	Marionette	WARN	TimedPromise timed out after 500 ms: stacktrace:
TimedPromise/<@chrome://marionette/content/sync.js:231:19
TimedPromise@chrome://marionette/content/sync.js:216:10
interaction.flushEventLoop@chrome://marionette/content/interaction.js:433:10
webdriverClickElement@chrome://marionette/content/interaction.js:179:31
1615327261207	Marionette	INFO	Stopped listening on port 49547

###!!! [Child][RunMessage] Error: Channel closing: too late to send/recv, messages will be lost

"--marionette" "--disable-gpu" "-foreground" "-no-remote" "-profile" "C:\\Users\\Onin\\AppData\\Local\\Temp\\rust_mozprofileSTFFhp"
JavaScript error: ew4vy5fplqb.cfg, line 2: ReferenceError: Components is not defined
console.warn: SearchSettings: "get: No settings file exists, new profile?" (new Error("", "(unknown module)"))
1615327159505	Marionette	INFO	Listening on port 49642
1615327159978	Marionette	WARN	TLS certificate errors will be ignored for this session
JavaScript warning: https://www.oddsportal.com/res/x/global-210308130833.js, line 1: unreachable code after return statement
JavaScript warning: https://www.oddsportal.com/res/x/global-210308130833.js, line 1: unreachable code after return statement
1615327165443	Marionette	WARN	TimedPromise timed out after 500 ms: stacktrace:
TimedPromise/<@chrome://marionette/content/sync.js:231:19
TimedPromise@chrome://marionette/content/sync.js:216:10
interaction.flushEventLoop@chrome://marionette/content/interaction.js:433:10
webdriverClickElement@chrome://marionette/content/interaction.js:179:31
1615327260202	Marionette	INFO	Stopped listening on port 49642

###!!! [Child][RunMessage] Error: Channel closing: too late to send/recv, messages will be lost

1615327312694	geckodriver	INFO	Listening on 127.0.0.1:49884
1615327315766	mozrunner::runner	INFO	Running command: "C:\\Program Files\\Mozilla Firefox\\firefox.exe" "--marionette" "--disable-gpu" "-foreground" "-no-remote" "-profile" "C:\\Users\\Onin\\AppData\\Local\\Temp\\rust_mozprofile9OBIun"
JavaScript error: ew4vy5fplqb.cfg, line 2: ReferenceError: Components is not defined
console.warn: SearchSettings: "get: No settings file exists, new profile?" (new Error("", "(unknown module)"))
1615327317835	Marionette	INFO	Listening on port 49893
1615327317920	Marionette	WARN	TLS certificate errors will be ignored for this session
JavaScript warning: https://www.oddsportal.com/res/x/global-210308130833.js, line 1: unreachable code after return statement
JavaScript warning: https://www.oddsportal.com/res/x/global-210308130833.js, line 1: unreachable code after return statement
1615327324909	Marionette	WARN	TimedPromise timed out after 500 ms: stacktrace:
TimedPromise/<@chrome://marionette/content/sync.js:231:19
TimedPromise@chrome://marionette/content/sync.js:216:10
interaction.flushEventLoop@chrome://marionette/content/interaction.js:433:10
webdriverClickElement@chrome://marionette/content/interaction.js:179:31
1615327510190	Marionette	INFO	Stopped listening on port 49893

###!!! [Child][RunMessage] Error: Channel closing: too late to send/recv, messages will be lost

"--marionette" "--disable-gpu" "-foreground" "-no-remote" "-profile" "C:\\Users\\Onin\\AppData\\Local\\Temp\\rust_mozprofilezqqhVi"
JavaScript error: ew4vy5fplqb.cfg, line 2: ReferenceError: Components is not defined
console.warn: SearchSettings: "get: No settings file exists, new profile?" (new Error("", "(unknown module)"))
1615327397613	Marionette	INFO	Listening on port 50036
1615327397711	Marionette	WARN	TLS certificate errors will be ignored for this session
JavaScript warning: https://www.oddsportal.com/res/x/global-210308130833.js, line 1: unreachable code after return statement
JavaScript warning: https://www.oddsportal.com/res/x/global-210308130833.js, line 1: unreachable code after return statement
1615327405256	Marionette	WARN	TimedPromise timed out after 500 ms: stacktrace:
TimedPromise/<@chrome://marionette/content/sync.js:231:19
TimedPromise@chrome://marionette/content/sync.js:216:10
interaction.flushEventLoop@chrome://marionette/content/interaction.js:433:10
webdriverClickElement@chrome://marionette/content/interaction.js:179:31
1615327510855	Marionette	INFO	Stopped listening on port 50036

###!!! [Child][RunMessage] Error: Channel closing: too late to send/recv, messages will be lost

"--marionette" "--disable-gpu" "-foreground" "-no-remote" "-profile" "C:\\Users\\Onin\\AppData\\Local\\Temp\\rust_mozprofileDQfPRO"
JavaScript error: ew4vy5fplqb.cfg, line 2: ReferenceError: Components is not defined
console.warn: SearchSettings: "get: No settings file exists, new profile?" (new Error("", "(unknown module)"))
1615327509426	Marionette	INFO	Listening on port 50228
1615327509544	Marionette	WARN	TLS certificate errors will be ignored for this session
JavaScript warning: https://www.oddsportal.com/res/x/global-210308130833.js, line 1: unreachable code after return statement
JavaScript warning: https://www.oddsportal.com/res/x/global-210308130833.js, line 1: unreachable code after return statement
1615327517623	Marionette	WARN	TimedPromise timed out after 500 ms: stacktrace:
TimedPromise/<@chrome://marionette/content/sync.js:231:19
TimedPromise@chrome://marionette/content/sync.js:216:10
interaction.flushEventLoop@chrome://marionette/content/interaction.js:433:10
webdriverClickElement@chrome://marionette/content/interaction.js:179:31

###!!! [Child][MessageChannel] Error: (msgtype=0x3A015A,name=PContent::Msg_InsertNewFocusActionId) Closed channel: cannot send/recv


###!!! [Child][MessageChannel] Error: (msgtype=0x3A015A,name=PContent::Msg_InsertNewFocusActionId) Closed channel: cannot send/recv


###!!! [Child][MessageChannel] Error: (msgtype=0x3A015A,name=PContent::Msg_InsertNewFocusActionId) Closed channel: cannot send/recv


###!!! [Child][MessageChannel] Error: (msgtype=0x3A015A,name=PContent::Msg_InsertNewFocusActionId) Closed channel: cannot send/recv


###!!! [Child][MessageChannel] Error: (msgtype=0x3A015A,name=PContent::Msg_InsertNewFocusActionId) Closed channel: cannot send/recv


###!!! [Child][MessageChannel] Error: (msgtype=0x3A015A,name=PContent::Msg_InsertNewFocusActionId) Closed channel: cannot send/recv


###!!! [Child][MessageChannel] Error: (msgtype=0x3A015A,name=PContent::Msg_InsertNewFocusActionId) Closed channel: cannot send/recv


###!!! [Child][MessageChannel] Error: (msgtype=0x3A015A,name=PContent::Msg_InsertNewFocusActionId) Closed channel: cannot send/recv


###!!! [Child][MessageChannel] Error: (msgtype=0x3A015A,name=PContent::Msg_InsertNewFocusActionId) Closed channel: cannot send/recv


###!!! [Child][MessageChannel] Error: (msgtype=0x3A0148,name=PContent::Msg_CommitBrowsingContextTransaction) Closed channel: cannot send/recv

JavaScript error: resource://gre/modules/Sqlite.jsm, line 1030: Error: Sqlite.jsm has been shutdown. Cannot open connection to: C:\Users\Onin\AppData\Local\Temp\rust_mozprofileDQfPRO\protections.sqlite

###!!! [Child][MessageChannel] Error: (msgtype=0x3A014D,name=PContent::Msg_DiscardBrowsingContext) Closed channel: cannot send/recv


###!!! [Child][MessageChannel] Error: (msgtype=0x3A014D,name=PContent::Msg_DiscardBrowsingContext) Closed channel: cannot send/recv


###!!! [Child][MessageChannel] Error: (msgtype=0x3A014D,name=PContent::Msg_DiscardBrowsingContext) Closed channel: cannot send/recv


###!!! [Child][MessageChannel] Error: (msgtype=0x3A014D,name=PContent::Msg_DiscardBrowsingContext) Closed channel: cannot send/recv


###!!! [Child][MessageChannel] Error: (msgtype=0x3A014D,name=PContent::Msg_DiscardBrowsingContext) Closed channel: cannot send/recv


###!!! [Child][MessageChannel] Error: (msgtype=0x3A014D,name=PContent::Msg_DiscardBrowsingContext) Closed channel: cannot send/recv


###!!! [Child][MessageChannel] Error: (msgtype=0x3A014D,name=PContent::Msg_DiscardBrowsingContext) Closed channel: cannot send/recv


###!!! [Child][MessageChannel] Error: (msgtype=0x3A014D,name=PContent::Msg_DiscardBrowsingContext) Closed channel: cannot send/recv

1615407495695	geckodriver	INFO	Listening on 127.0.0.1:51057
1615407498751	mozrunner::runner	INFO	Running command: "C:\\Program Files\\Mozilla Firefox\\firefox.exe" "--marionette" "--disable-gpu" "-foreground" "-no-remote" "-profile" "C:\\Users\\Onin\\AppData\\Local\\Temp\\rust_mozprofileH3HBGY"
JavaScript error: ew4vy5fplqb.cfg, line 2: ReferenceError: Components is not defined
console.warn: SearchSettings: "get: No settings file exists, new profile?" (new Error("", "(unknown module)"))
1615407501646	Marionette	INFO	Listening on port 51067
1615407501912	Marionette	WARN	TLS certificate errors will be ignored for this session
JavaScript warning: https://www.oddsportal.com/res/x/global-210308130833.js, line 1: unreachable code after return statement
JavaScript warning: https://www.oddsportal.com/res/x/global-210308130833.js, line 1: unreachable code after return statement
1615407544079	Marionette	INFO	Stopped listening on port 51067

###!!! [Child][RunMessage] Error: Channel closing: too late to send/recv, messages will be lost

1615407565689	geckodriver	INFO	Listening on 127.0.0.1:51205
1615407568767	mozrunner::runner	INFO	Running command: "C:\\Program Files\\Mozilla Firefox\\firefox.exe" "--marionette" "--disable-gpu" "-foreground" "-no-remote" "-profile" "C:\\Users\\Onin\\AppData\\Local\\Temp\\rust_mozprofileg8yOXH"
JavaScript error: ew4vy5fplqb.cfg, line 2: ReferenceError: Components is not defined
console.warn: SearchSettings: "get: No settings file exists, new profile?" (new Error("", "(unknown module)"))
1615407570541	Marionette	INFO	Listening on port 51215
1615407570851	Marionette	WARN	TLS certificate errors will be ignored for this session
JavaScript warning: https://www.oddsportal.com/res/x/global-210308130833.js, line 1: unreachable code after return statement
JavaScript warning: https://www.oddsportal.com/res/x/global-210308130833.js, line 1: unreachable code after return statement
console.error: (new TypeError("parent is null", "resource://devtools/client/inspector/shared/style-change-tracker.js", 67))
TypeError: parent is null: canMutationImpactCurrentStyles@resource://devtools/client/inspector/shared/style-change-tracker.js:67:24
onMutations@resource://devtools/client/inspector/shared/style-change-tracker.js:84:41
_emit@resource://devtools/shared/event-emitter.js:226:34
emit@resource://devtools/shared/event-emitter.js:172:18
emit@resource://devtools/shared/event-emitter.js:324:18
getMutations@resource://devtools/client/fronts/walker.js:358:10

1615407659360	Marionette	INFO	Stopped listening on port 51215

###!!! [Child][RunMessage] Error: Channel closing: too late to send/recv, messages will be lost

1615407660919	geckodriver	INFO	Listening on 127.0.0.1:51398
1615407664007	mozrunner::runner	INFO	Running command: "C:\\Program Files\\Mozilla Firefox\\firefox.exe" "--marionette" "--disable-gpu" "-foreground" "-no-remote" "-profile" "C:\\Users\\Onin\\AppData\\Local\\Temp\\rust_mozprofileBk7B5n"
JavaScript error: ew4vy5fplqb.cfg, line 2: ReferenceError: Components is not defined
console.warn: SearchSettings: "get: No settings file exists, new profile?" (new Error("", "(unknown module)"))
1615407665678	Marionette	INFO	Listening on port 51407
1615407666064	Marionette	WARN	TLS certificate errors will be ignored for this session
JavaScript warning: https://www.oddsportal.com/res/x/global-210308130833.js, line 1: unreachable code after return statement
JavaScript warning: https://www.oddsportal.com/res/x/global-210308130833.js, line 1: unreachable code after return statement
1615407673627	Marionette	WARN	TimedPromise timed out after 500 ms: stacktrace:
TimedPromise/<@chrome://marionette/content/sync.js:231:19
TimedPromise@chrome://marionette/content/sync.js:216:10
interaction.flushEventLoop@chrome://marionette/content/interaction.js:433:10
webdriverClickElement@chrome://marionette/content/interaction.js:179:31
1615407790000	Marionette	INFO	Stopped listening on port 51407

###!!! [Child][RunMessage] Error: Channel closing: too late to send/recv, messages will be lost

"--marionette" "--disable-gpu" "-foreground" "-no-remote" "-profile" "C:\\Users\\Onin\\AppData\\Local\\Temp\\rust_mozprofilea7Lrq6"
JavaScript error: ew4vy5fplqb.cfg, line 2: ReferenceError: Components is not defined
console.warn: SearchSettings: "get: No settings file exists, new profile?" (new Error("", "(unknown module)"))
1615407741717	Marionette	INFO	Listening on port 51565
1615407742000	Marionette	WARN	TLS certificate errors will be ignored for this session
JavaScript warning: https://www.oddsportal.com/res/x/global-210308130833.js, line 1: unreachable code after return statement
JavaScript warning: https://www.oddsportal.com/res/x/global-210308130833.js, line 1: unreachable code after return statement
1615407750095	Marionette	WARN	TimedPromise timed out after 500 ms: stacktrace:
TimedPromise/<@chrome://marionette/content/sync.js:231:19
TimedPromise@chrome://marionette/content/sync.js:216:10
interaction.flushEventLoop@chrome://marionette/content/interaction.js:433:10
webdriverClickElement@chrome://marionette/content/interaction.js:179:31
1615407764493	Marionette	INFO	Stopped listening on port 51565

###!!! [Child][RunMessage] Error: Channel closing: too late to send/recv, messages will be lost

1615407781260	geckodriver	INFO	Listening on 127.0.0.1:51682
1615407784328	mozrunner::runner	INFO	Running command: "C:\\Program Files\\Mozilla Firefox\\firefox.exe" "--marionette" "--disable-gpu" "-foreground" "-no-remote" "-profile" "C:\\Users\\Onin\\AppData\\Local\\Temp\\rust_mozprofileo4RnUF"
JavaScript error: ew4vy5fplqb.cfg, line 2: ReferenceError: Components is not defined
console.warn: SearchSettings: "get: No settings file exists, new profile?" (new Error("", "(unknown module)"))
1615407786278	Marionette	INFO	Listening on port 51694
1615407786368	Marionette	WARN	TLS certificate errors will be ignored for this session
JavaScript warning: https://www.oddsportal.com/res/x/global-210308130833.js, line 1: unreachable code after return statement
JavaScript warning: https://www.oddsportal.com/res/x/global-210308130833.js, line 1: unreachable code after return statement
1615407794067	Marionette	WARN	TimedPromise timed out after 500 ms: stacktrace:
TimedPromise/<@chrome://marionette/content/sync.js:231:19
TimedPromise@chrome://marionette/content/sync.js:216:10
interaction.flushEventLoop@chrome://marionette/content/interaction.js:433:10
webdriverClickElement@chrome://marionette/content/interaction.js:179:31
JavaScript warning: https://www.oddsportal.com/res/x/global-210308130833.js, line 1: unreachable code after return statement
JavaScript warning: https://www.oddsportal.com/res/x/global-210308130833.js, line 1: unreachable code after return statement
console.error: (new TypeError("parent is null", "resource://devtools/client/inspector/shared/style-change-tracker.js", 67))
TypeError: parent is null: canMutationImpactCurrentStyles@resource://devtools/client/inspector/shared/style-change-tracker.js:67:24
onMutations@resource://devtools/client/inspector/shared/style-change-tracker.js:84:41
_emit@resource://devtools/shared/event-emitter.js:226:34
emit@resource://devtools/shared/event-emitter.js:172:18
emit@resource://devtools/shared/event-emitter.js:324:18
getMutations@resource://devtools/client/fronts/walker.js:358:10

1615407991683	Marionette	INFO	Stopped listening on port 51694

###!!! [Child][RunMessage] Error: Channel closing: too late to send/recv, messages will be lost

"--marionette" "--disable-gpu" "-foreground" "-no-remote" "-profile" "C:\\Users\\Onin\\AppData\\Local\\Temp\\rust_mozprofileLJOE4P"
JavaScript error: ew4vy5fplqb.cfg, line 2: ReferenceError: Components is not defined
console.warn: SearchSettings: "get: No settings file exists, new profile?" (new Error("", "(unknown module)"))
1615407902316	Marionette	INFO	Listening on port 51914
1615407902582	Marionette	WARN	TLS certificate errors will be ignored for this session
JavaScript warning: https://www.oddsportal.com/res/x/global-210308130833.js, line 1: unreachable code after return statement
JavaScript warning: https://www.oddsportal.com/res/x/global-210308130833.js, line 1: unreachable code after return statement
1615407910856	Marionette	WARN	TimedPromise timed out after 500 ms: stacktrace:
TimedPromise/<@chrome://marionette/content/sync.js:231:19
TimedPromise@chrome://marionette/content/sync.js:216:10
interaction.flushEventLoop@chrome://marionette/content/interaction.js:433:10
webdriverClickElement@chrome://marionette/content/interaction.js:179:31
1615407912828	Marionette	WARN	TimedPromise timed out after 500 ms: stacktrace:
TimedPromise/<@chrome://marionette/content/sync.js:231:19
TimedPromise@chrome://marionette/content/sync.js:216:10
interaction.flushEventLoop@chrome://marionette/content/interaction.js:433:10
webdriverClickElement@chrome://marionette/content/interaction.js:179:31
JavaScript warning: https://www.oddsportal.com/res/x/global-210308130833.js, line 1: unreachable code after return statement
JavaScript warning: https://www.oddsportal.com/res/x/global-210308130833.js, line 1: unreachable code after return statement
1615407989354	Marionette	INFO	Stopped listening on port 51914

###!!! [Child][RunMessage] Error: Channel closing: too late to send/recv, messages will be lost

1615407993979	geckodriver	INFO	Listening on 127.0.0.1:52125
1615407997060	mozrunner::runner	INFO	Running command: "C:\\Program Files\\Mozilla Firefox\\firefox.exe" "--marionette" "--disable-gpu" "-foreground" "-no-remote" "-profile" "C:\\Users\\Onin\\AppData\\Local\\Temp\\rust_mozprofileqW0lps"
JavaScript error: ew4vy5fplqb.cfg, line 2: ReferenceError: Components is not defined
console.warn: SearchSettings: "get: No settings file exists, new profile?" (new Error("", "(unknown module)"))
1615407998993	Marionette	INFO	Listening on port 52136
1615407999112	Marionette	WARN	TLS certificate errors will be ignored for this session
JavaScript warning: https://www.oddsportal.com/res/x/global-210308130833.js, line 1: unreachable code after return statement
JavaScript warning: https://www.oddsportal.com/res/x/global-210308130833.js, line 1: unreachable code after return statement
1615408007155	Marionette	WARN	TimedPromise timed out after 500 ms: stacktrace:
TimedPromise/<@chrome://marionette/content/sync.js:231:19
TimedPromise@chrome://marionette/content/sync.js:216:10
interaction.flushEventLoop@chrome://marionette/content/interaction.js:433:10
webdriverClickElement@chrome://marionette/content/interaction.js:179:31
1615408009098	Marionette	WARN	TimedPromise timed out after 500 ms: stacktrace:
TimedPromise/<@chrome://marionette/content/sync.js:231:19
TimedPromise@chrome://marionette/content/sync.js:216:10
interaction.flushEventLoop@chrome://marionette/content/interaction.js:433:10
webdriverClickElement@chrome://marionette/content/interaction.js:179:31
JavaScript warning: https://www.oddsportal.com/res/x/global-210308130833.js, line 1: unreachable code after return statement
JavaScript warning: https://www.oddsportal.com/res/x/global-210308130833.js, line 1: unreachable code after return statement
1615408064329	Marionette	INFO	Stopped listening on port 52131615408064708	mozrunner::runner	INFO	Running command: "C:\\Program Files\\Mozilla Firefox\\firefox.exe" "--marionette" "--disable-gpu" "-foreground" "-no-remote" "-profile" "C:\\Users\\Onin\\AppData\\Local\\Temp\\rust_mozprofilefgu4i7"
JavaScript error: ew4vy5fplqb.cfg, line 2: ReferenceError: Components is not defined
console.warn: SearchSettings: "get: No settings file exists, new profile?" (new Error("", "(unknown module)"))
1615408066520	Marionette	INFO	Listening on port 52314
1615408066759	Marionette	WARN	TLS certificate errors will be ignored for this session
JavaScript warning: https://www.oddsportal.com/res/x/global-210308130833.js, line 1: unreachable code after return statement
JavaScript warning: https://www.oddsportal.com/res/x/global-210308130833.js, line 1: unreachable code after return statement
1615408096870	Marionette	INFO	Stopped listening on port 52314

###!!! [Child][RunMessage] Error: Channel closing: too late to send/recv, messages will be lost

1615408138621	geckodriver	INFO	Listening on 127.0.0.1:52442
1615408141701	mozrunner::runner	INFO	Running command: "C:\\Program Files\\Mozilla Firefox\\firefox.exe" "--marionette" "--disable-gpu" "-foreground" "-no-remote" "-profile" "C:\\Users\\Onin\\AppData\\Local\\Temp\\rust_mozprofilesPKHTR"
JavaScript error: ew4vy5fplqb.cfg, line 2: ReferenceError: Components is not defined
console.warn: SearchSettings: "get: No settings file exists, new profile?" (new Error("", "(unknown module)"))
1615408143681	Marionette	INFO	Listening on port 52450
1615408143740	Marionette	WARN	TLS certificate errors will be ignored for this session
JavaScript warning: https://www.oddsportal.com/res/x/global-210308130833.js, line 1: unreachable code after return statement
JavaScript warning: https://www.oddsportal.com/res/x/global-210308130833.js, line 1: unreachable code after return statement
1615408151462	Marionette	WARN	TimedPromise timed out after 500 ms: stacktrace:
TimedPromise/<@chrome://marionette/content/sync.js:231:19
TimedPromise@chrome://marionette/content/sync.js:216:10
interaction.flushEventLoop@chrome://marionette/content/interaction.js:433:10
webdriverClickElement@chrome://marionette/content/interaction.js:179:31
1615408153433	Marionette	WARN	TimedPromise timed out after 500 ms: stacktrace:
TimedPromise/<@chrome://marionette/content/sync.js:231:19
TimedPromise@chrome://marionette/content/sync.js:216:10
interaction.flushEventLoop@chrome://marionette/content/interaction.js:433:10
webdriverClickElement@chrome://marionette/content/interaction.js:179:31
Marionette threw an error: NotFoundError: WindowGlobalParent.getActor: No such JSWindowActor 'MarionetteCommands'
getMarionetteCommandsActorProxy/get/<@chrome://marionette/content/actors/MarionetteCommandsParent.jsm:332:69
unregisterCommandsActor@chrome://marionette/content/actors/MarionetteCommandsParent.jsm:395:15
GeckoDriver.prototype.deleteSession@chrome://marionette/content/driver.js:3009:5
onClosed@chrome://marionette/content/server.js:196:17
close@chrome://marionette/content/transport.js:225:18
onInputStreamReady@chrome://marionette/content/transport.js:379:14

1615408168972	Marionette	INFO	Stopped listening on port 52450
1615409986622	geckodriver	INFO	Listening on 127.0.0.1:52838
1615409989681	mozrunner::runner	INFO	Running command: "C:\\Program Files\\Mozilla Firefox\\firefox.exe" "--marionette" "--disable-gpu" "-foreground" "-no-remote" "-profile" "C:\\Users\\Onin\\AppData\\Local\\Temp\\rust_mozprofile2k0qr0"
JavaScript error: ew4vy5fplqb.cfg, line 2: ReferenceError: Components is not defined
console.warn: SearchSettings: "get: No settings file exists, new profile?" (new Error("", "(unknown module)"))
1615409991445	Marionette	INFO	Listening on port 52846
1615409991725	Marionette	WARN	TLS certificate errors will be ignored for this session
JavaScript warning: https://www.oddsportal.com/res/x/global-210308130833.js, line 1: unreachable code after return statement
JavaScript warning: https://www.oddsportal.com/res/x/global-210308130833.js, line 1: unreachable code after return statement
1615409999270	Marionette	WARN	TimedPromise timed out after 500 ms: stacktrace:
TimedPromise/<@chrome://marionette/content/sync.js:231:19
TimedPromise@chrome://marionette/content/sync.js:216:10
interaction.flushEventLoop@chrome://marionette/content/interaction.js:433:10
webdriverClickElement@chrome://marionette/content/interaction.js:179:31
1615410001224	Marionette	WARN	TimedPromise timed out after 500 ms: stacktrace:
TimedPromise/<@chrome://marionette/content/sync.js:231:19
TimedPromise@chrome://marionette/content/sync.js:216:10
interaction.flushEventLoop@chrome://marionette/content/interaction.js:433:10
webdriverClickElement@chrome://marionette/content/interaction.js:179:31
1615410012589	Marionette	WARN	TimedPromise timed out after 500 ms: stacktrace:
TimedPromise/<@chrome://marionette/content/sync.js:231:19
TimedPromise@chrome://marionette/content/sync.js:216:10
interaction.flushEventLoop@chrome://marionette/content/interaction.js:433:10
webdriverClickElement@chrome://marionette/content/interaction.js:179:31
1615410056804	Marionette	WARN	TimedPromise timed out after 500 ms: stacktrace:
TimedPromise/<@chrome://marionette/content/sync.js:231:19
TimedPromise@chrome://marionette/content/sync.js:216:10
interaction.flushEventLoop@chrome://marionette/content/interaction.js:433:10
webdriverClickElement@chrome://marionette/content/interaction.js:179:31
1615410058603	Marionette	WARN	TimedPromise timed out after 500 ms: stacktrace:
TimedPromise/<@chrome://marionette/content/sync.js:231:19
TimedPromise@chrome://marionette/content/sync.js:216:10
interaction.flushEventLoop@chrome://marionette/content/interaction.js:433:10
webdriverClickElement@chrome://marionette/content/interaction.js:179:31
Marionette threw an error: NotFoundError: WindowGlobalParent.getActor: No such JSWindowActor 'MarionetteCommands'
getMarionetteCommandsActorProxy/get/<@chrome://marionette/content/actors/MarionetteCommandsParent.jsm:332:69
unregisterCommandsActor@chrome://marionette/content/actors/MarionetteCommandsParent.jsm:395:15
GeckoDriver.prototype.deleteSession@chrome://marionette/content/driver.js:3009:5
onClosed@chrome://marionette/content/server.js:196:17
close@chrome://marionette/content/transport.js:225:18
onInputStreamReady@chrome://marionette/content/transport.js:379:14

1615410152289	Marionette	INFO	Stopped listening on port 52846

###!!! [Child][RunMessage] Error: Channel closing: too late to send/recv, messages will be lost

"--marionette" "--disable-gpu" "-foreground" "-no-remote" "-profile" "C:\\Users\\Onin\\AppData\\Local\\Temp\\rust_mozprofileWBgDnC"
JavaScript error: ew4vy5fplqb.cfg, line 2: ReferenceError: Components is not defined
console.warn: SearchSettings: "get: No settings file exists, new profile?" (new Error("", "(unknown module)"))
1615410149295	Marionette	INFO	Listening on port 52997
1615410149412	Marionette	WARN	TLS certificate errors will be ignored for this session
JavaScript warning: https://www.oddsportal.com/res/x/global-210308130833.js, line 1: unreachable code after return statement
JavaScript warning: https://www.oddsportal.com/res/x/global-210308130833.js, line 1: unreachable code after return statement
1615410157489	Marionette	WARN	TimedPromise timed out after 500 ms: stacktrace:
TimedPromise/<@chrome://marionette/content/sync.js:231:19
TimedPromise@chrome://marionette/content/sync.js:216:10
interaction.flushEventLoop@chrome://marionette/content/interaction.js:433:10
webdriverClickElement@chrome://marionette/content/interaction.js:179:31
1615410160512	Marionette	WARN	TimedPromise timed out after 500 ms: stacktrace:
TimedPromise/<@chrome://marionette/content/sync.js:231:19
TimedPromise@chrome://marionette/content/sync.js:216:10
interaction.flushEventLoop@chrome://marionette/content/interaction.js:433:10
webdriverClickElement@chrome://marionette/content/interaction.js:179:31
1615410171871	Marionette	WARN	TimedPromise timed out after 500 ms: stacktrace:
TimedPromise/<@chrome://marionette/content/sync.js:231:19
TimedPromise@chrome://marionette/content/sync.js:216:10
interaction.flushEventLoop@chrome://marionette/content/interaction.js:433:10
webdriverClickElement@chrome://marionette/content/interaction.js:179:31
1615410187598	Marionette	INFO	Stopped listening on port 52997

###!!! [Child][RunMessage] Error: Channel closing: too late to send/recv, messages will be lost

"--marionette" "--disable-gpu" "-foreground" "-no-remote" "-profile" "C:\\Users\\Onin\\AppData\\Local\\Temp\\rust_mozprofiletP0Y7Z"
JavaScript error: ew4vy5fplqb.cfg, line 2: ReferenceError: Components is not defined
console.warn: SearchSettings: "get: No settings file exists, new profile?" (new Error("", "(unknown module)"))
1615410186886	Marionette	INFO	Listening on port 53109
1615410186996	Marionette	WARN	TLS certificate errors will be ignored for this session
JavaScript warning: https://www.oddsportal.com/res/x/global-210308130833.js, line 1: unreachable code after return statement
JavaScript warning: https://www.oddsportal.com/res/x/global-210308130833.js, line 1: unreachable code after return statement
1615410202868	Marionette	WARN	TimedPromise timed out after 500 ms: stacktrace:
TimedPromise/<@chrome://marionette/content/sync.js:231:19
TimedPromise@chrome://marionette/content/sync.js:216:10
interaction.flushEventLoop@chrome://marionette/content/interaction.js:433:10
webdriverClickElement@chrome://marionette/content/interaction.js:179:31
1615410204848	Marionette	WARN	TimedPromise timed out after 500 ms: stacktrace:
TimedPromise/<@chrome://marionette/content/sync.js:231:19
TimedPromise@chrome://marionette/content/sync.js:216:10
interaction.flushEventLoop@chrome://marionette/content/interaction.js:433:10
webdriverClickElement@chrome://marionette/content/interaction.js:179:31
Marionette threw an error: NotFoundError: WindowGlobalParent.getActor: No such JSWindowActor 'MarionetteCommands'
getMarionetteCommandsActorProxy/get/<@chrome://marionette/content/actors/MarionetteCommandsParent.jsm:332:69
unregisterCommandsActor@chrome://marionette/content/actors/MarionetteCommandsParent.jsm:395:15
GeckoDriver.prototype.deleteSession@chrome://marionette/content/driver.js:3009:5
onClosed@chrome://marionette/content/server.js:196:17
close@chrome://marionette/content/transport.js:225:18
onInputStreamReady@chrome://marionette/content/transport.js:379:14

console.log: WebExtensions: reset-default-search: No addons in our list are installed.
1615411074958	Marionette	INFO	Stopped listening on port 53109

###!!! [Child][RunMessage] Error: Channel closing: too late to send/recv, messages will be lost

1615412155075	geckodriver	INFO	Listening on 127.0.0.1:49742
1615412158127	mozrunner::runner	INFO	Running command: "C:\\Program Files\\Mozilla Firefox\\firefox.exe" "--marionette" "--disable-gpu" "-foreground" "-no-remote" "-profile" "C:\\Users\\Onin\\AppData\\Local\\Temp\\rust_mozprofileiw2bSm"
JavaScript error: ew4vy5fplqb.cfg, line 2: ReferenceError: Components is not defined
console.warn: SearchSettings: "get: No settings file exists, new profile?" (new Error("", "(unknown module)"))
1615412160988	Marionette	INFO	Listening on port 49751
1615412161291	Marionette	WARN	TLS certificate errors will be ignored for this session
JavaScript warning: https://www.oddsportal.com/res/x/global-210308130833.js, line 1: unreachable code after return statement
JavaScript warning: https://www.oddsportal.com/res/x/global-210308130833.js, line 1: unreachable code after return statement
1615412170169	Marionette	WARN	TimedPromise timed out after 500 ms: stacktrace:
TimedPromise/<@chrome://marionette/content/sync.js:231:19
TimedPromise@chrome://marionette/content/sync.js:216:10
interaction.flushEventLoop@chrome://marionette/content/interaction.js:433:10
webdriverClickElement@chrome://marionette/content/interaction.js:179:31
1615412171600	Marionette	WARN	TimedPromise timed out after 500 ms: stacktrace:
TimedPromise/<@chrome://marionette/content/sync.js:231:19
TimedPromise@chrome://marionette/content/sync.js:216:10
interaction.flushEventLoop@chrome://marionette/content/interaction.js:433:10
webdriverClickElement@chrome://marionette/content/interaction.js:179:31
1615412182419	Marionette	WARN	TimedPromise timed out after 500 ms: stacktrace:
TimedPromise/<@chrome://marionette/content/sync.js:231:19
TimedPromise@chrome://marionette/content/sync.js:216:10
interaction.flushEventLoop@chrome://marionette/content/interaction.js:433:10
webdriverClickElement@chrome://marionette/content/interaction.js:179:31
JavaScript warning: https://www.oddsportal.com/res/x/global-210308130833.js, line 1: unreachable code after return statement
JavaScript warning: https://www.oddsportal.com/res/x/global-210308130833.js, line 1: unreachable code after return statement
JavaScript warning: https://www.oddsportal.com/res/x/global-210308130833.js, line 1: unreachable code after return statement
JavaScript warning: https://www.oddsportal.com/res/x/global-210308130833.js, line 1: unreachable code after return statement
JavaScript warning: https://www.oddsportal.com/res/x/global-210308130833.js, line 1: unreachable code after return statement
JavaScript warning: https://www.oddsportal.com/res/x/global-210308130833.js, line 1: unreachable code after return statement
1615412430964	Marionette	INFO	Stopped listening on port 49751

###!!! [Child][RunMessage] Error: Channel closing: too late to send/recv, messages will be lost

"--marionette" "--disable-gpu" "-foreground" "-no-remote" "-profile" "C:\\Users\\Onin\\AppData\\Local\\Temp\\rust_mozprofilevRlExA"
JavaScript error: ew4vy5fplqb.cfg, line 2: ReferenceError: Components is not defined
console.warn: SearchSettings: "get: No settings file exists, new profile?" (new Error("", "(unknown module)"))
1615412431855	Marionette	INFO	Listening on port 50149
1615412432378	Marionette	WARN	TLS certificate errors will be ignored for this session
JavaScript warning: https://www.oddsportal.com/res/x/global-210308130833.js, line 1: unreachable code after return statement
JavaScript warning: https://www.oddsportal.com/res/x/global-210308130833.js, line 1: unreachable code after return statement
1615412441618	Marionette	WARN	TimedPromise timed out after 500 ms: stacktrace:
TimedPromise/<@chrome://marionette/content/sync.js:231:19
TimedPromise@chrome://marionette/content/sync.js:216:10
interaction.flushEventLoop@chrome://marionette/content/interaction.js:433:10
webdriverClickElement@chrome://marionette/content/interaction.js:179:31
1615412452877	Marionette	WARN	TimedPromise timed out after 500 ms: stacktrace:
TimedPromise/<@chrome://marionette/content/sync.js:231:19
TimedPromise@chrome://marionette/content/sync.js:216:10
interaction.flushEventLoop@chrome://marionette/content/interaction.js:433:10
webdriverClickElement@chrome://marionette/content/interaction.js:179:31
1615412464028	Marionette	WARN	TimedPromise timed out after 500 ms: stacktrace:
TimedPromise/<@chrome://marionette/content/sync.js:231:19
TimedPromise@chrome://marionette/content/sync.js:216:10
interaction.flushEventLoop@chrome://marionette/content/interaction.js:433:10
webdriverClickElement@chrome://marionette/content/interaction.js:179:31
1615412475643	Marionette	WARN	TimedPromise timed out after 500 ms: stacktrace:
TimedPromise/<@chrome://marionette/content/sync.js:231:19
TimedPromise@chrome://marionette/content/sync.js:216:10
interaction.flushEventLoop@chrome://marionette/content/interaction.js:433:10
webdriverClickElement@chrome://marionette/content/interaction.js:179:31
JavaScript warning: https://www.oddsportal.com/res/x/global-210308130833.js, line 1: unreachable code after return statement
JavaScript warning: https://www.oddsportal.com/res/x/global-210308130833.js, line 1: unreachable code after return statement
Marionette threw an error: NotFoundError: WindowGlobalParent.getActor: No such JSWindowActor 'MarionetteCommands'
getMarionetteCommandsActorProxy/get/<@chrome://marionette/content/actors/MarionetteCommandsParent.jsm:332:69
unregisterCommandsActor@chrome://marionette/content/actors/MarionetteCommandsParent.jsm:395:15
GeckoDriver.prototype.deleteSession@chrome://marionette/content/driver.js:3009:5
onClosed@chrome://marionette/content/server.js:196:17
close@chrome://marionette/content/transport.js:225:18
onInputStreamReady@chrome://marionette/content/transport.js:379:14

JavaScript warning: https://www.oddsportal.com/res/x/global-210308130833.js, line 1: unreachable code after return statement
JavaScript warning: https://www.oddsportal.com/res/x/global-210308130833.js, line 1: unreachable code after return statement
1615412521490	Marionette	INFO	Stopped listening on port 50149

###!!! [Child][RunMessage] Error: Channel closing: too late to send/recv, messages will be lost

1615412523271	geckodriver	INFO	Listening on 127.0.0.1:50327
1615412526343	mozrunner::runner	INFO	Running command: "C:\\Program Files\\Mozilla Firefox\\firefox.exe" "--marionette" "--disable-gpu" "-foreground" "-no-remote" "-profile" "C:\\Users\\Onin\\AppData\\Local\\Temp\\rust_mozprofileiA7jup"
JavaScript error: ew4vy5fplqb.cfg, line 2: ReferenceError: Components is not defined
console.warn: SearchSettings: "get: No settings file exists, new profile?" (new Error("", "(unknown module)"))
1615412528193	Marionette	INFO	Listening on port 50336
1615412528405	Marionette	WARN	TLS certificate errors will be ignored for this session
JavaScript warning: https://www.oddsportal.com/res/x/global-210308130833.js, line 1: unreachable code after return statement
JavaScript warning: https://www.oddsportal.com/res/x/global-210308130833.js, line 1: unreachable code after return statement
1615412537628	Marionette	WARN	TimedPromise timed out after 500 ms: stacktrace:
TimedPromise/<@chrome://marionette/content/sync.js:231:19
TimedPromise@chrome://marionette/content/sync.js:216:10
interaction.flushEventLoop@chrome://marionette/content/interaction.js:433:10
webdriverClickElement@chrome://marionette/content/interaction.js:179:31
1615412548317	Marionette	WARN	TimedPromise timed out after 500 ms: stacktrace:
TimedPromise/<@chrome://marionette/content/sync.js:231:19
TimedPromise@chrome://marionette/content/sync.js:216:10
interaction.flushEventLoop@chrome://marionette/content/interaction.js:433:10
webdriverClickElement@chrome://marionette/content/interaction.js:179:31
1615412571077	Marionette	WARN	TimedPromise timed out after 500 ms: stacktrace:
TimedPromise/<@chrome://marionette/content/sync.js:231:19
TimedPromise@chrome://marionette/content/sync.js:216:10
interaction.flushEventLoop@chrome://marionette/content/interaction.js:433:10
webdriverClickElement@chrome://marionette/content/interaction.js:179:31
Marionette threw an error: NotFoundError: WindowGlobalParent.getActor: No such JSWindowActor 'MarionetteCommands'
getMarionetteCommandsActorProxy/get/<@chrome://marionette/content/actors/MarionetteCommandsParent.jsm:332:69
unregisterCommandsActor@chrome://marionette/content/actors/MarionetteCommandsParent.jsm:395:15
GeckoDriver.prototype.deleteSession@chrome://marionette/content/driver.js:3009:5
onClosed@chrome://marionette/content/server.js:196:17
close@chrome://marionette/content/transport.js:225:18
onInputStreamReady@chrome://marionette/content/transport.js:379:14

1615412598941	Marionette	INFO	Stopped listening on port 50336

###!!! [Child][RunMessage] Error: Channel closing: too late to send/recv, messages will be lost

"--marionette" "--disable-gpu" "-foreground" "-no-remote" "-profile" "C:\\Users\\Onin\\AppData\\Local\\Temp\\rust_mozprofileev37XX"
JavaScript error: ew4vy5fplqb.cfg, line 2: ReferenceError: Components is not defined
console.warn: SearchSettings: "get: No settings file exists, new profile?" (new Error("", "(unknown module)"))
1615412595496	Marionette	INFO	Listening on port 50463
1615412595557	Marionette	WARN	TLS certificate errors will be ignored for this session
JavaScript warning: https://www.oddsportal.com/res/x/global-210308130833.js, line 1: unreachable code after return statement
JavaScript warning: https://www.oddsportal.com/res/x/global-210308130833.js, line 1: unreachable code after return statement
1615412606002	Marionette	WARN	TimedPromise timed out after 500 ms: stacktrace:
TimedPromise/<@chrome://marionette/content/sync.js:231:19
TimedPromise@chrome://marionette/content/sync.js:216:10
interaction.flushEventLoop@chrome://marionette/content/interaction.js:433:10
webdriverClickElement@chrome://marionette/content/interaction.js:179:31
1615412618207	Marionette	WARN	TimedPromise timed out after 500 ms: stacktrace:
TimedPromise/<@chrome://marionette/content/sync.js:231:19
TimedPromise@chrome://marionette/content/sync.js:216:10
interaction.flushEventLoop@chrome://marionette/content/interaction.js:433:10
webdriverClickElement@chrome://marionette/content/interaction.js:179:31
1615412721182	Marionette	INFO	Stopped listening on port 50463

###!!! [Child][RunMessage] Error: Channel closing: too late to send/recv, messages will be lost

"--marionette" "--disable-gpu" "-foreground" "-no-remote" "-profile" "C:\\Users\\Onin\\AppData\\Local\\Temp\\rust_mozprofileukyFlY"
JavaScript error: ew4vy5fplqb.cfg, line 2: ReferenceError: Components is not defined
console.warn: SearchSettings: "get: No settings file exists, new profile?" (new Error("", "(unknown module)"))
1615412717019	Marionette	INFO	Listening on port 50611
1615412717169	Marionette	WARN	TLS certificate errors will be ignored for this session
JavaScript warning: https://www.oddsportal.com/res/x/global-210308130833.js, line 1: unreachable code after return statement
JavaScript warning: https://www.oddsportal.com/res/x/global-210308130833.js, line 1: unreachable code after return statement
1615412726746	Marionette	WARN	TimedPromise timed out after 500 ms: stacktrace:
TimedPromise/<@chrome://marionette/content/sync.js:231:19
TimedPromise@chrome://marionette/content/sync.js:216:10
interaction.flushEventLoop@chrome://marionette/content/interaction.js:433:10
webdriverClickElement@chrome://marionette/content/interaction.js:179:31
1615412728969	Marionette	WARN	TimedPromise timed out after 500 ms: stacktrace:
TimedPromise/<@chrome://marionette/content/sync.js:231:19
TimedPromise@chrome://marionette/content/sync.js:216:10
interaction.flushEventLoop@chrome://marionette/content/interaction.js:433:10
webdriverClickElement@chrome://marionette/content/interaction.js:179:31
1615412740817	Marionette	INFO	Stopped listening on port 50611615412741491	mozrunner::runner	INFO	Running command: "C:\\Program Files\\Mozilla Firefox\\firefox.exe" "--marionette" "--disable-gpu" "-foreground" "-no-remote" "-profile" "C:\\Users\\Onin\\AppData\\Local\\Temp\\rust_mozprofilerosMi1"
JavaScript error: ew4vy5fplqb.cfg, line 2: ReferenceError: Components is not defined
console.warn: SearchSettings: "get: No settings file exists, new profile?" (new Error("", "(unknown module)"))
1615412743207	Marionette	INFO	Listening on port 50707
1615412743537	Marionette	WARN	TLS certificate errors will be ignored for this session
JavaScript warning: https://www.oddsportal.com/res/x/global-210308130833.js, line 1: unreachable code after return statement
JavaScript warning: https://www.oddsportal.com/res/x/global-210308130833.js, line 1: unreachable code after return statement
1615412753826	Marionette	WARN	TimedPromise timed out after 500 ms: stacktrace:
TimedPromise/<@chrome://marionette/content/sync.js:231:19
TimedPromise@chrome://marionette/content/sync.js:216:10
interaction.flushEventLoop@chrome://marionette/content/interaction.js:433:10
webdriverClickElement@chrome://marionette/content/interaction.js:179:31
1615412756735	Marionette	WARN	TimedPromise timed out after 500 ms: stacktrace:
TimedPromise/<@chrome://marionette/content/sync.js:231:19
TimedPromise@chrome://marionette/content/sync.js:216:10
interaction.flushEventLoop@chrome://marionette/content/interaction.js:433:10
webdriverClickElement@chrome://marionette/content/interaction.js:179:31
1615412771235	Marionette	WARN	TimedPromise timed out after 500 ms: stacktrace:
TimedPromise/<@chrome://marionette/content/sync.js:231:19
TimedPromise@chrome://marionette/content/sync.js:216:10
interaction.flushEventLoop@chrome://marionette/content/interaction.js:433:10
webdriverClickElement@chrome://marionette/content/interaction.js:179:31
1615412774086	Marionette	WARN	TimedPromise timed out after 500 ms: stacktrace:
TimedPromise/<@chrome://marionette/content/sync.js:231:19
TimedPromise@chrome://marionette/content/sync.js:216:10
interaction.flushEventLoop@chrome://marionette/content/interaction.js:433:10
webdriverClickElement@chrome://marionette/content/interaction.js:179:31
1615412777303	Marionette	INFO	Stopped listening on port 50707

###!!! [Child][RunMessage] Error: Channel closing: too late to send/recv, messages will be lost

